
ASEM-51 V1.3                                         Copyright (c) 2002 by W.W. Heinz                                         PAGE 1





       MCS-51 Family Macro Assembler   A S E M - 5 1   V 1.3
       =====================================================



	Source File:	C:\Users\ASUS\Desktop\New folder\calmul.asm
	Object File:	C:\Users\ASUS\Desktop\New folder\calmul.hex
	List File:	C:\Users\ASUS\Desktop\New folder\calmul.lst



 Line  I  Addr  Code            Source

    1:
    2:		N      0000			ORG	00H
    3:
    4:		B      00B5			RS	EQU	P3.5
    5:		B      00B6			RW	EQU	P3.6
    6:		B      00B7			E	EQU	P3.7
    7:
    8:	  0000	75 81 70			MOV	SP, #70H
    9:	  0003	75 D0 00			MOV	PSW, #00H
   10:
   11:
   12:	  0006	79 63			MOV R1,#99
   13:	  0008	7A 63		        MOV R2,#99
   14:	  000A	7B 00		        MOV R3,#0
   15:	  000C	7E 63		        MOV R6,#99
   16:	  000E	7D 63		        MOV R5,#99
   17:	  0010	7F 00		        MOV R7,#0
   18:	  0012	7C 0B		        MOV R4,#11
   19:	  0014	75 A0 FF		MOV P2,#0FFH
   20:
   21:
   22:	  0017			ISITMUL3:
   23:
   24:
   25:	  0017	E9			 mov a,r1
   26:	  0018	75 F0 0A		 mov b,#10
   27:	  001B	84			 div ab
   28:	  001C	F5 70			 mov 70h,a
   29:	  001E	85 F0 71		 mov 71h,b
   30:
   31:	  0021	EA			 mov a,r2
   32:	  0022	75 F0 0A		 mov b,#10
   33:	  0025	84			 div ab
   34:	  0026	F5 72			 mov 72h,a
   35:	  0028	85 F0 73		 mov 73h,b
   36:
   37:	  002B	ED			 mov a,r5
   38:	  002C	75 F0 0A		 mov b,#10
   39:	  002F	84			 div ab
   40:	  0030	F5 60			 mov 60h,a
   41:	  0032	85 F0 61		 mov 61h,b
   42:
   43:	  0035	EE			 mov a,r6

ASEM-51 V1.3                                         Copyright (c) 2002 by W.W. Heinz                                         PAGE 2



 Line  I  Addr  Code            Source

   44:	  0036	75 F0 0A		 mov b,#10
   45:	  0039	84			 div ab
   46:	  003A	F5 62			 mov 62h,a
   47:	  003C	85 F0 63		 mov 63h,b
   48:
   49:
   50:
   51:	  003F	E5 73		         mov a,73h
   52:	  0041	85 63 F0		 mov b,63h
   53:	  0044	A4			 mul ab
   54:
   55:	  0045	75 F0 0A		 mov b,#10
   56:	  0048	84			 div ab
   57:	  0049	85 F0 20		 mov 020h,b
   58:	  004C	F5 5F			 mov 05fh,a
   59:
   60:	  004E	E5 72			 mov a,72h
   61:	  0050	85 63 F0		 mov b,63h
   62:	  0053	A4			 mul ab
   63:	  0054	25 5F			 add a,05Fh
   64:	  0056	75 F0 0A		 mov b,#10
   65:	  0059	84			 div ab
   66:	  005A	85 F0 21		 mov 021h,b
   67:	  005D	F5 5F			 mov 05fh,a
   68:
   69:	  005F	E5 71			 mov a,71h
   70:	  0061	85 63 F0		 mov b,63h
   71:	  0064	A4			 mul ab
   72:	  0065	25 5F			 add a,05fh
   73:
   74:	  0067	75 F0 0A		 mov b,#10
   75:	  006A	84			 div ab
   76:	  006B	85 F0 22		 mov 022h,b
   77:	  006E	F5 5F			 mov 05Fh,a
   78:
   79:	  0070	E5 70			 mov a,70h
   80:	  0072	85 63 F0		 mov b,63h
   81:	  0075	A4			 mul ab
   82:	  0076	25 5F			 add a,05fh
   83:	  0078	75 F0 0A		 mov b,#10
   84:	  007B	84			 div ab
   85:	  007C	85 F0 23		 mov 023h,b
   86:	  007F	F5 24			 mov 024h,a
   87:
   88:	  0081	E5 73		         mov a,73h
   89:	  0083	85 62 F0		 mov b,62h
   90:	  0086	A4			 mul ab
   91:
   92:	  0087	75 F0 0A		 mov b,#10
   93:	  008A	84			 div ab
   94:	  008B	85 F0 25		 mov 025h,b
   95:	  008E	F5 5F			 mov 05fh,a
   96:
   97:	  0090	E5 72			 mov a,72h
   98:	  0092	85 62 F0		 mov b,62h
   99:	  0095	A4			 mul ab

ASEM-51 V1.3                                         Copyright (c) 2002 by W.W. Heinz                                         PAGE 3



 Line  I  Addr  Code            Source

  100:	  0096	25 5F			 add a,05fh
  101:	  0098	75 F0 0A		 mov b,#10
  102:	  009B	84			 div ab
  103:	  009C	85 F0 26		 mov 026h,b
  104:	  009F	F5 5F			 mov 05fh,a
  105:
  106:	  00A1	E5 71			 mov a,71h
  107:	  00A3	85 62 F0		 mov b,62h
  108:	  00A6	A4			 mul ab
  109:	  00A7	25 5F			 add a,05fh
  110:
  111:	  00A9	75 F0 0A		 mov b,#10
  112:	  00AC	84			 div ab
  113:	  00AD	85 F0 27		 mov 027h,b
  114:	  00B0	F5 5F			 mov 05fh,a
  115:
  116:	  00B2	E5 70			 mov a,70h
  117:	  00B4	85 62 F0		 mov b,62h
  118:	  00B7	A4			 mul ab
  119:	  00B8	25 5F			 add a,05fh
  120:	  00BA	75 F0 0A		 mov b,#10
  121:	  00BD	84			 div ab
  122:	  00BE	85 F0 28		 mov 028h,b
  123:	  00C1	F5 29			 mov 029h,a
  124:
  125:	  00C3	E5 73			 mov a,73h
  126:	  00C5	85 61 F0		 mov b,61h
  127:	  00C8	A4			 mul ab
  128:
  129:	  00C9	75 F0 0A		 mov b,#10
  130:	  00CC	84			 div ab
  131:	  00CD	85 F0 2A		 mov 02ah,b
  132:	  00D0	F5 5F			 mov 05fh,a
  133:
  134:	  00D2	E5 72			 mov a,72h
  135:	  00D4	85 61 F0		 mov b,61h
  136:	  00D7	A4			 mul ab
  137:	  00D8	25 5F			 add a,05fh
  138:	  00DA	75 F0 0A		 mov b,#10
  139:	  00DD	84			 div ab
  140:	  00DE	85 F0 2B		 mov 02bh,b
  141:	  00E1	F5 5F			 mov 05fh,a
  142:
  143:	  00E3	E5 71			 mov a,71h
  144:	  00E5	85 61 F0		 mov b,61h
  145:	  00E8	A4			 mul ab
  146:	  00E9	25 5F			 add a,05fh
  147:
  148:	  00EB	75 F0 0A		 mov b,#10
  149:	  00EE	84			 div ab
  150:	  00EF	85 F0 2C		 mov 2ch,b
  151:	  00F2	F5 5F			 mov 05fh,a
  152:
  153:	  00F4	E5 70			 mov a,70h
  154:	  00F6	85 61 F0		 mov b,61h
  155:	  00F9	A4			 mul ab

ASEM-51 V1.3                                         Copyright (c) 2002 by W.W. Heinz                                         PAGE 4



 Line  I  Addr  Code            Source

  156:	  00FA	25 5F			 add a,05fh
  157:	  00FC	75 F0 0A		 mov b,#10
  158:	  00FF	84			 div ab
  159:	  0100	85 F0 2D		 mov 02dh,b
  160:	  0103	F5 2E			 mov 02eh,a
  161:
  162:	  0105	E5 73			 mov a,73h
  163:	  0107	85 60 F0		 mov b,60h
  164:	  010A	A4			 mul ab
  165:
  166:	  010B	75 F0 0A		 mov b,#10
  167:	  010E	84			 div ab
  168:	  010F	85 F0 30		 mov 030h,b
  169:	  0112	F5 5F			 mov 05fh,a
  170:
  171:	  0114	E5 72			 mov a,72h
  172:	  0116	85 60 F0		 mov b,60h
  173:	  0119	A4			 mul ab
  174:	  011A	25 5F			 add a,05fh
  175:	  011C	75 F0 0A		 mov b,#10
  176:	  011F	84			 div ab
  177:	  0120	85 F0 31		 mov 031h,b
  178:	  0123	F5 5F			 mov 05fh,a
  179:
  180:	  0125	E5 71			 mov a,71h
  181:	  0127	85 60 F0		 mov b,60h
  182:	  012A	A4			 mul ab
  183:	  012B	25 5F			 add a,05fh
  184:
  185:	  012D	75 F0 0A		 mov b,#10
  186:	  0130	84			 div ab
  187:	  0131	85 F0 32		 mov 032h,b
  188:	  0134	F5 5F			 mov 05fh,a
  189:
  190:	  0136	E5 70			 mov a,70h
  191:	  0138	85 60 F0		 mov b,60h
  192:	  013B	A4			 mul ab
  193:	  013C	25 5F			 add a,05fh
  194:	  013E	75 F0 0A		 mov b,#10
  195:	  0141	84			 div ab
  196:	  0142	85 F0 33		 mov 033h,b
  197:	  0145	F5 34			 mov 034h,a
  198:
  199:
  200:	  0147	E5 20			 mov a,020h
  201:	  0149	24 30			 add a,#30h
  202:	  014B	F5 60			 mov 060h,a
  203:
  204:	  014D	E5 21			 mov a,021h
  205:	  014F	25 25			 add a,025h
  206:
  207:	  0151	75 F0 0A		 mov b,#10
  208:	  0154	84			 div ab
  209:	  0155	F5 3F			 mov 03fh,a
  210:	  0157	E5 F0			 mov a,b
  211:	  0159	24 30			 add a,#30h

ASEM-51 V1.3                                         Copyright (c) 2002 by W.W. Heinz                                         PAGE 5



 Line  I  Addr  Code            Source

  212:	  015B	F5 61			 mov 061h,a
  213:
  214:	  015D	E5 3F			 mov a,03fh
  215:	  015F	25 22			 add a,022h
  216:	  0161	25 26			 add a,026h
  217:	  0163	25 2A			 add a,02ah
  218:	  0165	75 F0 0A		 mov b,#10
  219:	  0168	84			 div ab
  220:	  0169	F5 3F			 mov 03fh,a
  221:	  016B	E5 F0			 mov a,b
  222:	  016D	24 30			 add a,#30h
  223:	  016F	F5 62			 mov 062h,a
  224:
  225:	  0171	E5 3F			 mov a,03fh
  226:	  0173	25 23			 add a,023h
  227:	  0175	25 27			 add a,027h
  228:	  0177	25 2B			 add a,02bh
  229:	  0179	25 30			 add a,030h
  230:	  017B	75 F0 0A		 mov b,#10
  231:	  017E	84			 div ab
  232:	  017F	F5 3F			 mov 03fh,a
  233:	  0181	E5 F0			 mov a,b
  234:	  0183	24 30			 add a,#30h
  235:	  0185	F5 63			 mov 063h,a
  236:
  237:	  0187	E5 3F			 mov a,03fh
  238:	  0189	25 24			 add a,024h
  239:	  018B	25 28			 add a,028h
  240:	  018D	25 2C			 add a,02ch
  241:	  018F	25 31			 add a,031h
  242:	  0191	75 F0 0A		 mov b,#10
  243:	  0194	84			 div ab
  244:	  0195	F5 3F			 mov 03fh,a
  245:	  0197	E5 F0			 mov a,b
  246:	  0199	24 30			 add a,#30h
  247:	  019B	F5 64			 mov 064h,a
  248:
  249:	  019D	E5 3F			 mov a,03fh
  250:	  019F	25 29			 add a,029h
  251:	  01A1	25 2D			 add a,02dh
  252:	  01A3	25 32			 add a,032h
  253:	  01A5	75 F0 0A		 mov b,#10
  254:	  01A8	84			 div ab
  255:	  01A9	F5 3F			 mov 03fh,a
  256:	  01AB	E5 F0			 mov a,b
  257:	  01AD	24 30			 add a,#30h
  258:	  01AF	F5 65			 mov 065h,a
  259:
  260:	  01B1	E5 3F			 mov a,03fh
  261:	  01B3	25 2E			 add a,02eh
  262:	  01B5	25 33			 add a,033h
  263:	  01B7	75 F0 0A		 mov b,#10
  264:	  01BA	84			 div ab
  265:	  01BB	F5 3F			 mov 03fh,a
  266:	  01BD	E5 F0			 mov a,b
  267:	  01BF	24 30			 add a,#30h

ASEM-51 V1.3                                         Copyright (c) 2002 by W.W. Heinz                                         PAGE 6



 Line  I  Addr  Code            Source

  268:	  01C1	F5 66			 mov 066h,a
  269:
  270:	  01C3	E5 3F			 mov a,03fh
  271:	  01C5	25 34			 add a,034h
  272:	  01C7	75 F0 0A		  mov b,#10
  273:	  01CA	84			 div ab
  274:	  01CB	F5 68			 mov 068h,a
  275:	  01CD	E5 F0			 mov a,b
  276:	  01CF	24 30			 add a,#30h
  277:	  01D1	F5 67			 mov 067h,a
  278:
  279:
  280:	  01D3			HERE222:
  281:	  01D3	80 FE			 SJMP HERE222
  282:
  283:
  284:
  285:
  286:					        END
  287:





                     register banks used:  ---

                     no errors




ASEM-51 V1.3                                         Copyright (c) 2002 by W.W. Heinz                                         PAGE 7





	       L I S T   O F   S Y M B O L S
	       =============================


SYMBOL				  TYPE     VALUE	LINE
------------------------------------------------------------
??ASEM_51			  NUMBER    8051
??VERSION			  NUMBER    0130
AC				  BIT	      D6
ACC				  DATA	      E0
B				  DATA	      F0
CY				  BIT	      D7
DPH				  DATA	      83
DPL				  DATA	      82
E				  NUMBER    00B7	   6
EA				  BIT	      AF
ES				  BIT	      AC
ET0				  BIT	      A9
ET1				  BIT	      AB
EX0				  BIT	      A8
EX1				  BIT	      AA
EXTI0				  CODE	    0003
EXTI1				  CODE	    0013
F0				  BIT	      D5
HERE222				  CODE	    01D3	 280
IE				  DATA	      A8
IE0				  BIT	      89
IE1				  BIT	      8B
INT0				  BIT	      B2
INT1				  BIT	      B3
IP				  DATA	      B8
ISITMUL3			  CODE	    0017	  22
IT0				  BIT	      88
IT1				  BIT	      8A
OV				  BIT	      D2
P				  BIT	      D0
P0				  DATA	      80
P1				  DATA	      90
P2				  DATA	      A0
P3				  DATA	      B0
PCON				  DATA	      87
PS				  BIT	      BC
PSW				  DATA	      D0
PT0				  BIT	      B9
PT1				  BIT	      BB
PX0				  BIT	      B8
PX1				  BIT	      BA
RB8				  BIT	      9A
RD				  BIT	      B7
REN				  BIT	      9C
RESET				  CODE	    0000
RI				  BIT	      98
RS				  NUMBER    00B5	   4
RS0				  BIT	      D3
RS1				  BIT	      D4
RW				  NUMBER    00B6	   5

ASEM-51 V1.3                                         Copyright (c) 2002 by W.W. Heinz                                         PAGE 8



SYMBOL				  TYPE     VALUE	LINE
------------------------------------------------------------
RXD				  BIT	      B0
SBUF				  DATA	      99
SCON				  DATA	      98
SINT				  CODE	    0023
SM0				  BIT	      9F
SM1				  BIT	      9E
SM2				  BIT	      9D
SP				  DATA	      81
T0				  BIT	      B4
T1				  BIT	      B5
TB8				  BIT	      9B
TCON				  DATA	      88
TF0				  BIT	      8D
TF1				  BIT	      8F
TH0				  DATA	      8C
TH1				  DATA	      8D
TI				  BIT	      99
TIMER0				  CODE	    000B
TIMER1				  CODE	    001B
TL0				  DATA	      8A
TL1				  DATA	      8B
TMOD				  DATA	      89
TR0				  BIT	      8C
TR1				  BIT	      8E
TXD				  BIT	      B1
WR				  BIT	      B6
